<?xml version="1.0" encoding="UTF-8"?>
<!-- Generated by org.testng.reporters.JUnitXMLReporter -->
<testsuite ignored="0" hostname="DESKTOP-BNIRTNQ" failures="1" tests="4" name="ChromeTest" time="47.281" errors="0" timestamp="2022-08-04T22:05:13 IST">
  <testcase classname="com.sauceDemo.TestClasses.TC002_VerifyLogOutFunctionality" name="logOutFunctionality" time="2.022"/>
  <testcase classname="com.sauceDemo.TestClasses.TC001_VerifyLoginFunctionality" name="loginFuntionality" time="2.401"/>
  <testcase classname="com.sauceDemo.TestClasses.TC004_VerifyMultipleproductAddtoCartFunctionality" name="mutipleProductAddToCartFunctionality" time="1.971">
    <failure type="java.lang.AssertionError" message="expected [6] but found [3]">
      <![CDATA[java.lang.AssertionError: expected [6] but found [3]
at com.sauceDemo.TestClasses.TC004_VerifyMultipleproductAddtoCartFunctionality.mutipleProductAddToCartFunctionality(TC004_VerifyMultipleproductAddtoCartFunctionality.java:29)
at java.base/java.util.ArrayList.forEach(ArrayList.java:1511)
... Removed 33 stack frames]]>
    </failure>
  </testcase> <!-- mutipleProductAddToCartFunctionality -->
  <testcase classname="com.sauceDemo.TestClasses.TC003_VerfiyBagProductAddtoCartFunctionality" name="bagProductAddTOCartFunctionality" time="1.676"/>
</testsuite> <!-- ChromeTest -->
