<?xml version="1.0" encoding="UTF-8"?>
<!-- Generated by org.testng.reporters.JUnitXMLReporter -->
<testsuite ignored="0" hostname="DESKTOP-BNIRTNQ" failures="0" tests="4" name="Test" time="0.405" errors="0" timestamp="2022-08-03T22:09:00 IST">
  <testcase classname="com.sauceDemo.TestClasses.TestBaseClass" name="@BeforeMethod setUP" time="-1.659544740356E9">
    <failure type="org.testng.TestNGException" message="
Parameter &amp;apos;browserName&amp;apos; is required by BeforeMethod on method setUP but has not been marked @Optional or defined
in D:\Back-up Data\main eclipse space\SauceDemo16thApril\testng.xml">
      <![CDATA[org.testng.TestNGException: 
Parameter 'browserName' is required by BeforeMethod on method setUP but has not been marked @Optional or defined
in D:\Back-up Data\main eclipse space\SauceDemo16thApril\testng.xml
at java.base/java.util.ArrayList.forEach(ArrayList.java:1511)
... Removed 28 stack frames]]>
    </failure>
  </testcase> <!-- @BeforeMethod setUP -->
  <testcase classname="com.sauceDemo.TestClasses.TestBaseClass" name="@AfterMethod tearDown" time="-1.65954474043E9">
    <skipped/>
  </testcase> <!-- @AfterMethod tearDown -->
  <testcase classname="com.sauceDemo.TestClasses.TestBaseClass" name="@BeforeMethod setUP" time="-1.659544740465E9">
    <failure type="org.testng.TestNGException" message="
Parameter &amp;apos;browserName&amp;apos; is required by BeforeMethod on method setUP but has not been marked @Optional or defined
in D:\Back-up Data\main eclipse space\SauceDemo16thApril\testng.xml">
      <![CDATA[org.testng.TestNGException: 
Parameter 'browserName' is required by BeforeMethod on method setUP but has not been marked @Optional or defined
in D:\Back-up Data\main eclipse space\SauceDemo16thApril\testng.xml
at java.base/java.util.ArrayList.forEach(ArrayList.java:1511)
... Removed 28 stack frames]]>
    </failure>
  </testcase> <!-- @BeforeMethod setUP -->
  <testcase classname="com.sauceDemo.TestClasses.TestBaseClass" name="@AfterMethod tearDown" time="-1.659544740496E9">
    <skipped/>
  </testcase> <!-- @AfterMethod tearDown -->
  <testcase classname="com.sauceDemo.TestClasses.TestBaseClass" name="@BeforeMethod setUP" time="-1.659544740508E9">
    <failure type="org.testng.TestNGException" message="
Parameter &amp;apos;browserName&amp;apos; is required by BeforeMethod on method setUP but has not been marked @Optional or defined
in D:\Back-up Data\main eclipse space\SauceDemo16thApril\testng.xml">
      <![CDATA[org.testng.TestNGException: 
Parameter 'browserName' is required by BeforeMethod on method setUP but has not been marked @Optional or defined
in D:\Back-up Data\main eclipse space\SauceDemo16thApril\testng.xml
at java.base/java.util.ArrayList.forEach(ArrayList.java:1511)
... Removed 28 stack frames]]>
    </failure>
  </testcase> <!-- @BeforeMethod setUP -->
  <testcase classname="com.sauceDemo.TestClasses.TestBaseClass" name="@AfterMethod tearDown" time="-1.65954474053E9">
    <skipped/>
  </testcase> <!-- @AfterMethod tearDown -->
  <testcase classname="com.sauceDemo.TestClasses.TestBaseClass" name="@BeforeMethod setUP" time="-1.65954474054E9">
    <failure type="org.testng.TestNGException" message="
Parameter &amp;apos;browserName&amp;apos; is required by BeforeMethod on method setUP but has not been marked @Optional or defined
in D:\Back-up Data\main eclipse space\SauceDemo16thApril\testng.xml">
      <![CDATA[org.testng.TestNGException: 
Parameter 'browserName' is required by BeforeMethod on method setUP but has not been marked @Optional or defined
in D:\Back-up Data\main eclipse space\SauceDemo16thApril\testng.xml
at java.base/java.util.ArrayList.forEach(ArrayList.java:1511)
... Removed 28 stack frames]]>
    </failure>
  </testcase> <!-- @BeforeMethod setUP -->
  <testcase classname="com.sauceDemo.TestClasses.TestBaseClass" name="@AfterMethod tearDown" time="-1.659544740584E9">
    <skipped/>
  </testcase> <!-- @AfterMethod tearDown -->
  <testcase classname="com.sauceDemo.TestClasses.TC002_VerifyLogOutFunctionality" name="logOutFunctionality" time="0.0">
    <skipped/>
  </testcase> <!-- logOutFunctionality -->
  <testcase classname="com.sauceDemo.TestClasses.TC001_VerifyLoginFunctionality" name="loginFuntionality" time="0.0">
    <skipped/>
  </testcase> <!-- loginFuntionality -->
  <testcase classname="com.sauceDemo.TestClasses.TC004_VerifyMultipleproductAddtoCartFunctionality" name="mutipleProductAddToCartFunctionality" time="0.0">
    <skipped/>
  </testcase> <!-- mutipleProductAddToCartFunctionality -->
  <testcase classname="com.sauceDemo.TestClasses.TC003_VerfiyBagProductAddtoCartFunctionality" name="bagProductAddTOCartFunctionality" time="0.0">
    <skipped/>
  </testcase> <!-- bagProductAddTOCartFunctionality -->
</testsuite> <!-- Test -->
